#
# A fatal error has been detected by the Java Runtime Environment:
#
#  SIGSEGV (0xb) at pc=0x000000010db0775b, pid=45384, tid=55047
#
# JRE version: Java(TM) SE Runtime Environment (12.0+33) (build 12+33)
# Java VM: Java HotSpot(TM) 64-Bit Server VM (12+33, mixed mode, sharing, tiered, compressed oops, g1 gc, bsd-amd64)
# Problematic frame:
# C  [libawt_lwawt.dylib+0x1b75b]  OGLSD_SetScratchSurface+0x1f
#
# No core dump will be written. Core dumps have been disabled. To enable core dumping, try "ulimit -c unlimited" before starting Java again
#
# If you would like to submit a bug report, please visit:
#   http://bugreport.java.com/bugreport/crash.jsp
# The crash happened outside the Java Virtual Machine in native code.
# See problematic frame for where to report the bug.
#

---------------  S U M M A R Y ------------

Command Line: -Dfile.encoding=UTF-8 brickBracker.Main

Host: MacBookPro14,1 x86_64 2300 MHz, 4 cores, 8G, Darwin 18.6.0
Time: Mon Jul  1 21:50:58 2019 JST elapsed time: 1454 seconds (0d 0h 24m 14s)

---------------  T H R E A D  ---------------

Current thread (0x00007ff9720a8800):  JavaThread "Java2D Queue Flusher" daemon [_thread_in_native, id=55047, stack(0x0000700009d42000,0x0000700009e42000)]

Stack: [0x0000700009d42000,0x0000700009e42000],  sp=0x0000700009e41800,  free space=1022k
Native frames: (J=compiled Java code, A=aot compiled Java code, j=interpreted, Vv=VM code, C=native code)
C  [libawt_lwawt.dylib+0x1b75b]  OGLSD_SetScratchSurface+0x1f
C  [libawt_lwawt.dylib+0x3fddb]  Java_sun_java2d_opengl_OGLRenderQueue_flushBuffer+0x947
j  sun.java2d.opengl.OGLRenderQueue.flushBuffer(JI)V+0 java.desktop@12
j  sun.java2d.opengl.OGLRenderQueue.flushBuffer()V+21 java.desktop@12
j  sun.java2d.opengl.OGLRenderQueue$QueueFlusher.run()V+81 java.desktop@12
j  java.lang.Thread.run()V+11 java.base@12
v  ~StubRoutines::call_stub
V  [libjvm.dylib+0x393705]  JavaCalls::call_helper(JavaValue*, methodHandle const&, JavaCallArguments*, Thread*)+0x285
V  [libjvm.dylib+0x392ae4]  JavaCalls::call_virtual(JavaValue*, Klass*, Symbol*, Symbol*, JavaCallArguments*, Thread*)+0xee
V  [libjvm.dylib+0x392ba0]  JavaCalls::call_virtual(JavaValue*, Handle, Klass*, Symbol*, Symbol*, Thread*)+0x62
V  [libjvm.dylib+0x410db0]  thread_entry(JavaThread*, Thread*)+0x78
V  [libjvm.dylib+0x6e3dbe]  JavaThread::thread_main_inner()+0x82
V  [libjvm.dylib+0x6e3c08]  JavaThread::run()+0x16c
V  [libjvm.dylib+0x6e1b0e]  Thread::call_run()+0x68
V  [libjvm.dylib+0x5dbf47]  thread_native_entry(Thread*)+0x139
C  [libsystem_pthread.dylib+0x32eb]  _pthread_body+0x7e
C  [libsystem_pthread.dylib+0x6249]  _pthread_start+0x42
C  [libsystem_pthread.dylib+0x240d]  thread_start+0xd

Java frames: (J=compiled Java code, j=interpreted, Vv=VM code)
j  sun.java2d.opengl.OGLRenderQueue.flushBuffer(JI)V+0 java.desktop@12
j  sun.java2d.opengl.OGLRenderQueue.flushBuffer()V+21 java.desktop@12
j  sun.java2d.opengl.OGLRenderQueue$QueueFlusher.run()V+81 java.desktop@12
j  java.lang.Thread.run()V+11 java.base@12
v  ~StubRoutines::call_stub

siginfo: si_signo: 11 (SIGSEGV), si_code: 1 (SEGV_MAPERR), si_addr: 0x0000000000000006

Register to memory mapping:

RAX=0x00007ff971664e20 points into unknown readable memory: d0 4e 66 71 f9 7f 00 00
RBX=0x00007ff97163d4b0 points into unknown readable memory: 00 00 00 00 00 00 00 00
RCX=0x0000000000000047 is an unknown value
RDX=0x000000010db2bdb8: Java_sun_java2d_opengl_OGLRenderQueue_flushBuffer+0x924 in /Library/Java/JavaVirtualMachines/jdk-12.jdk/Contents/Home/lib/libawt_lwawt.dylib at 0x000000010daec000
RSP=0x0000700009e41800 is pointing into the stack for thread: 0x00007ff9720a8800
RBP=0x0000700009e41830 is pointing into the stack for thread: 0x00007ff9720a8800
RSI=0x00007ff97163d4b0 points into unknown readable memory: 00 00 00 00 00 00 00 00
RDI=0x00007ff9720a8b30 points into unknown readable memory: 70 94 4f 07 01 00 00 00
R8 =0x0000000000007833 is an unknown value
R9 =0xffffffff00000000 is an unknown value
R10=0x00000001169c1961 is at code_begin+897 in an Interpreter codelet
method entry point (kind = native)  [0x00000001169c15e0, 0x00000001169c2020]  2624 bytes
R11=0x0000000000000102 is an unknown value
R12=0x00007ff97314c010 points into unknown readable memory: 5a 00 00 00 49 00 00 00
R13=0x0000000000000006 is an unknown value
R14=0x000000010db2c048: Java_sun_java2d_opengl_OGLRenderQueue_flushBuffer+0xbb4 in /Library/Java/JavaVirtualMachines/jdk-12.jdk/Contents/Home/lib/libawt_lwawt.dylib at 0x000000010daec000
R15=0x00007ff9720a8b30 points into unknown readable memory: 70 94 4f 07 01 00 00 00


Registers:
RAX=0x00007ff971664e20, RBX=0x00007ff97163d4b0, RCX=0x0000000000000047, RDX=0x000000010db2bdb8
RSP=0x0000700009e41800, RBP=0x0000700009e41830, RSI=0x00007ff97163d4b0, RDI=0x00007ff9720a8b30
R8 =0x0000000000007833, R9 =0xffffffff00000000, R10=0x00000001169c1961, R11=0x0000000000000102
R12=0x00007ff97314c010, R13=0x0000000000000006, R14=0x000000010db2c048, R15=0x00007ff9720a8b30
RIP=0x000000010db0775b, EFLAGS=0x0000000000010206, ERR=0x0000000000000004
  TRAPNO=0x000000000000000e

Top of Stack: (sp=0x0000700009e41800)
0x0000700009e41800:   00007ff971664e20 00007ff97163d4b0
0x0000700009e41810:   00007ff97314c010 00007ff97314c020
0x0000700009e41820:   000000010db2c048 00007ff9720a8b30
0x0000700009e41830:   0000700009e41890 000000010db2bddb
0x0000700009e41840:   00007ff9720a8800 0000000000000014
0x0000700009e41850:   0000700009e41870 0000000007300237
0x0000700009e41860:   0000700009e41870 000000010d1afce8
0x0000700009e41870:   0000000000000000 000000010d1afce8
0x0000700009e41880:   0000700009e41948 00007ff9720a8800
0x0000700009e41890:   0000700009e41910 00000001169c1990
0x0000700009e418a0:   000000010756d901 00007ff9720a8800
0x0000700009e418b0:   0000700009e418d0 0000000107300454
0x0000700009e418c0:   0000700009e41b28 0000700009e418c8
0x0000700009e418d0:   0000000000000000 0000700009e41948
0x0000700009e418e0:   000000010d1b0f18 0000000000000000
0x0000700009e418f0:   0000000783217be8 000000010d1afce8
0x0000700009e41900:   0000000000000000 0000700009e41930
0x0000700009e41910:   0000700009e41998 00000001169bbcb3
0x0000700009e41920:   0000000000000000 00000001169be8b8
0x0000700009e41930:   0000000000000020 00007ff97314c000
0x0000700009e41940:   0000000000000000 000000078332b430
0x0000700009e41950:   0000700009e41950 000000010d1afd9d
0x0000700009e41960:   0000700009e419b0 000000010d1b0f18
0x0000700009e41970:   0000000000000000 0000000783217be8
0x0000700009e41980:   000000010d1afdd8 0000700009e41930
0x0000700009e41990:   0000700009e419b0 0000700009e41a10
0x0000700009e419a0:   00000001169bbcb3 0000000000000020
0x0000700009e419b0:   000000078332b430 0000000000000001
0x0000700009e419c0:   000000078331d478 0000700009e419b8
0x0000700009e419d0:   000000010d1b4141 0000700009e41a38
0x0000700009e419e0:   000000010d1b4520 0000000000000000
0x0000700009e419f0:   000000078331d498 000000010d1b4280 

Instructions: (pc=0x000000010db0775b)
0x000000010db0773b:   c3 55 48 89 e5 41 57 41 56 41 55 41 54 53 50 49
0x000000010db0774b:   89 ff 48 85 f6 74 57 4c 8b 6e 10 4d 85 ed 74 57
0x000000010db0775b:   49 8b 5d 00 31 c0 e8 d6 db 02 00 49 89 c6 48 8b
0x000000010db0776b:   3b 48 8b 35 c5 59 05 00 ff 15 cf 8d 04 00 48 85 

Stack slot to memory mapping:
stack at sp + 0 slots: 0x00007ff971664e20 points into unknown readable memory: d0 4e 66 71 f9 7f 00 00
stack at sp + 1 slots: 0x00007ff97163d4b0 points into unknown readable memory: 00 00 00 00 00 00 00 00
stack at sp + 2 slots: 0x00007ff97314c010 points into unknown readable memory: 5a 00 00 00 49 00 00 00
stack at sp + 3 slots: 0x00007ff97314c020 points into unknown readable memory: 00 00 00 00 7a 05 00 00
stack at sp + 4 slots: 0x000000010db2c048: Java_sun_java2d_opengl_OGLRenderQueue_flushBuffer+0xbb4 in /Library/Java/JavaVirtualMachines/jdk-12.jdk/Contents/Home/lib/libawt_lwawt.dylib at 0x000000010daec000
stack at sp + 5 slots: 0x00007ff9720a8b30 points into unknown readable memory: 70 94 4f 07 01 00 00 00
stack at sp + 6 slots: 0x0000700009e41890 is pointing into the stack for thread: 0x00007ff9720a8800
stack at sp + 7 slots: 0x000000010db2bddb: Java_sun_java2d_opengl_OGLRenderQueue_flushBuffer+0x947 in /Library/Java/JavaVirtualMachines/jdk-12.jdk/Contents/Home/lib/libawt_lwawt.dylib at 0x000000010daec000


---------------  P R O C E S S  ---------------

Threads class SMR info:
_java_thread_list=0x00007ff971681280, length=15, elements={
0x00007ff971812800, 0x00007ff972001000, 0x00007ff97305c000, 0x00007ff97305f000,
0x00007ff97180a800, 0x00007ff973067800, 0x00007ff973090800, 0x00007ff97180b800,
0x00007ff9730ee000, 0x00007ff973100000, 0x00007ff9720a8800, 0x00007ff971a52800,
0x00007ff9731b6800, 0x00007ff9720ad800, 0x00007ff9720a3800
}

Java Threads: ( => current thread )
  0x00007ff971812800 JavaThread "Reference Handler" daemon [_thread_blocked, id=18435, stack(0x0000700009012000,0x0000700009112000)]
  0x00007ff972001000 JavaThread "Finalizer" daemon [_thread_blocked, id=17923, stack(0x0000700009115000,0x0000700009215000)]
  0x00007ff97305c000 JavaThread "Signal Dispatcher" daemon [_thread_blocked, id=16643, stack(0x0000700009218000,0x0000700009318000)]
  0x00007ff97305f000 JavaThread "C2 CompilerThread0" daemon [_thread_blocked, id=43267, stack(0x000070000931b000,0x000070000941b000)]
  0x00007ff97180a800 JavaThread "C1 CompilerThread0" daemon [_thread_blocked, id=42499, stack(0x000070000941e000,0x000070000951e000)]
  0x00007ff973067800 JavaThread "Sweeper thread" daemon [_thread_blocked, id=41731, stack(0x0000700009521000,0x0000700009621000)]
  0x00007ff973090800 JavaThread "Service Thread" daemon [_thread_blocked, id=22019, stack(0x0000700009624000,0x0000700009724000)]
  0x00007ff97180b800 JavaThread "Common-Cleaner" daemon [_thread_blocked, id=40963, stack(0x000070000982a000,0x000070000992a000)]
  0x00007ff9730ee000 JavaThread "AppKit Thread" daemon [_thread_in_native, id=775, stack(0x00007ffee90ac000,0x00007ffee98ac000)]
  0x00007ff973100000 JavaThread "AWT-Shutdown" [_thread_blocked, id=33283, stack(0x00007000099b0000,0x0000700009ab0000)]
=>0x00007ff9720a8800 JavaThread "Java2D Queue Flusher" daemon [_thread_in_native, id=55047, stack(0x0000700009d42000,0x0000700009e42000)]
  0x00007ff971a52800 JavaThread "Java2D Disposer" daemon [_thread_blocked, id=57859, stack(0x0000700009e45000,0x0000700009f45000)]
  0x00007ff9731b6800 JavaThread "TimerQueue" daemon [_thread_blocked, id=58631, stack(0x0000700009f48000,0x000070000a048000)]
  0x00007ff9720ad800 JavaThread "AWT-EventQueue-0" [_thread_blocked, id=59395, stack(0x000070000a04b000,0x000070000a14b000)]
  0x00007ff9720a3800 JavaThread "DestroyJavaVM" [_thread_blocked, id=8451, stack(0x00007000088fd000,0x00007000089fd000)]

Other Threads:
  0x00007ff973056000 VMThread "VM Thread" [stack: 0x0000700008f0f000,0x000070000900f000] [id=13827]
  0x00007ff973005000 WatcherThread [stack: 0x0000700009727000,0x0000700009827000] [id=22531]
  0x00007ff973027000 GCTaskThread "GC Thread#0" [stack: 0x0000700008a00000,0x0000700008b00000] [id=12035]
  0x00007ff9728f5000 GCTaskThread "GC Thread#1" [stack: 0x0000700009ab3000,0x0000700009bb3000] [id=29311]
  0x00007ff972861000 GCTaskThread "GC Thread#2" [stack: 0x0000700009bb6000,0x0000700009cb6000] [id=30263]
  0x00007ff973211800 GCTaskThread "GC Thread#3" [stack: 0x000070000a14e000,0x000070000a24e000] [id=15627]
  0x00007ff973034800 ConcurrentGCThread "G1 Main Marker" [stack: 0x0000700008b03000,0x0000700008c03000] [id=12547]
  0x00007ff973035000 ConcurrentGCThread "G1 Conc#0" [stack: 0x0000700008c06000,0x0000700008d06000] [id=19971]
  0x00007ff972052000 ConcurrentGCThread "G1 Refine#0" [stack: 0x0000700008d09000,0x0000700008e09000] [id=19715]
  0x00007ff973036000 ConcurrentGCThread "G1 Young RemSet Sampling" [stack: 0x0000700008e0c000,0x0000700008f0c000] [id=19203]

Threads with active compile tasks:

VM state:not at safepoint (normal execution)

VM Mutex/Monitor currently owned by a thread: None

Heap address: 0x0000000780000000, size: 2048 MB, Compressed Oops mode: Zero based, Oop shift amount: 3
Narrow klass base: 0x0000000800000000, Narrow klass shift: 3
Compressed class space size: 1073741824 Address: 0x00000008010fa000

Heap:
 garbage-first heap   total 133120K, used 9229K [0x0000000780000000, 0x0000000800000000)
  region size 1024K, 3 young (3072K), 2 survivors (2048K)
 Metaspace       used 6703K, capacity 6995K, committed 7168K, reserved 1056768K
  class space    used 778K, capacity 941K, committed 1024K, reserved 1048576K
Heap Regions: E=young(eden), S=young(survivor), O=old, HS=humongous(starts), HC=humongous(continues), CS=collection set, F=free, A=archive, TAMS=top-at-mark-start (previous, next)
|   0|0x0000000780000000, 0x0000000780100000, 0x0000000780100000|100%|HS|  |TAMS 0x0000000780000000, 0x0000000780000000| Complete 
|   1|0x0000000780100000, 0x0000000780200000, 0x0000000780200000|100%|HC|  |TAMS 0x0000000780100000, 0x0000000780100000| Complete 
|   2|0x0000000780200000, 0x0000000780300000, 0x0000000780300000|100%|HC|  |TAMS 0x0000000780200000, 0x0000000780200000| Complete 
|   3|0x0000000780300000, 0x0000000780400000, 0x0000000780400000|100%|HC|  |TAMS 0x0000000780300000, 0x0000000780300000| Complete 
|   4|0x0000000780400000, 0x0000000780500000, 0x0000000780500000|100%|HC|  |TAMS 0x0000000780400000, 0x0000000780400000| Complete 
|   5|0x0000000780500000, 0x0000000780600000, 0x0000000780600000|100%|HC|  |TAMS 0x0000000780500000, 0x0000000780500000| Complete 
|   6|0x0000000780600000, 0x0000000780700000, 0x0000000780700000|100%|HC|  |TAMS 0x0000000780600000, 0x0000000780600000| Complete 
|   7|0x0000000780700000, 0x0000000780700000, 0x0000000780800000|  0%| F|  |TAMS 0x0000000780700000, 0x0000000780700000| Untracked 
|   8|0x0000000780800000, 0x0000000780800000, 0x0000000780900000|  0%| F|  |TAMS 0x0000000780800000, 0x0000000780800000| Untracked 
|   9|0x0000000780900000, 0x0000000780900000, 0x0000000780a00000|  0%| F|  |TAMS 0x0000000780900000, 0x0000000780900000| Untracked 
|  10|0x0000000780a00000, 0x0000000780a00000, 0x0000000780b00000|  0%| F|  |TAMS 0x0000000780a00000, 0x0000000780a00000| Untracked 
|  11|0x0000000780b00000, 0x0000000780b00000, 0x0000000780c00000|  0%| F|  |TAMS 0x0000000780b00000, 0x0000000780b00000| Untracked 
|  12|0x0000000780c00000, 0x0000000780c00000, 0x0000000780d00000|  0%| F|  |TAMS 0x0000000780c00000, 0x0000000780c00000| Untracked 
|  13|0x0000000780d00000, 0x0000000780d00000, 0x0000000780e00000|  0%| F|  |TAMS 0x0000000780d00000, 0x0000000780d00000| Untracked 
|  14|0x0000000780e00000, 0x0000000780e00000, 0x0000000780f00000|  0%| F|  |TAMS 0x0000000780e00000, 0x0000000780e00000| Untracked 
|  15|0x0000000780f00000, 0x0000000780f00000, 0x0000000781000000|  0%| F|  |TAMS 0x0000000780f00000, 0x0000000780f00000| Untracked 
|  16|0x0000000781000000, 0x0000000781000000, 0x0000000781100000|  0%| F|  |TAMS 0x0000000781000000, 0x0000000781000000| Untracked 
|  17|0x0000000781100000, 0x0000000781100000, 0x0000000781200000|  0%| F|  |TAMS 0x0000000781100000, 0x0000000781100000| Untracked 
|  18|0x0000000781200000, 0x0000000781200000, 0x0000000781300000|  0%| F|  |TAMS 0x0000000781200000, 0x0000000781200000| Untracked 
|  19|0x0000000781300000, 0x0000000781300000, 0x0000000781400000|  0%| F|  |TAMS 0x0000000781300000, 0x0000000781300000| Untracked 
|  20|0x0000000781400000, 0x0000000781400000, 0x0000000781500000|  0%| F|  |TAMS 0x0000000781400000, 0x0000000781400000| Untracked 
|  21|0x0000000781500000, 0x0000000781500000, 0x0000000781600000|  0%| F|  |TAMS 0x0000000781500000, 0x0000000781500000| Untracked 
|  22|0x0000000781600000, 0x0000000781600000, 0x0000000781700000|  0%| F|  |TAMS 0x0000000781600000, 0x0000000781600000| Untracked 
|  23|0x0000000781700000, 0x0000000781700000, 0x0000000781800000|  0%| F|  |TAMS 0x0000000781700000, 0x0000000781700000| Untracked 
|  24|0x0000000781800000, 0x0000000781800000, 0x0000000781900000|  0%| F|  |TAMS 0x0000000781800000, 0x0000000781800000| Untracked 
|  25|0x0000000781900000, 0x0000000781900000, 0x0000000781a00000|  0%| F|  |TAMS 0x0000000781900000, 0x0000000781900000| Untracked 
|  26|0x0000000781a00000, 0x0000000781a00000, 0x0000000781b00000|  0%| F|  |TAMS 0x0000000781a00000, 0x0000000781a00000| Untracked 
|  27|0x0000000781b00000, 0x0000000781b00000, 0x0000000781c00000|  0%| F|  |TAMS 0x0000000781b00000, 0x0000000781b00000| Untracked 
|  28|0x0000000781c00000, 0x0000000781c00000, 0x0000000781d00000|  0%| F|  |TAMS 0x0000000781c00000, 0x0000000781c00000| Untracked 
|  29|0x0000000781d00000, 0x0000000781d00000, 0x0000000781e00000|  0%| F|  |TAMS 0x0000000781d00000, 0x0000000781d00000| Untracked 
|  30|0x0000000781e00000, 0x0000000781e00000, 0x0000000781f00000|  0%| F|  |TAMS 0x0000000781e00000, 0x0000000781e00000| Untracked 
|  31|0x0000000781f00000, 0x0000000781f00000, 0x0000000782000000|  0%| F|  |TAMS 0x0000000781f00000, 0x0000000781f00000| Untracked 
|  32|0x0000000782000000, 0x0000000782000000, 0x0000000782100000|  0%| F|  |TAMS 0x0000000782000000, 0x0000000782000000| Untracked 
|  33|0x0000000782100000, 0x0000000782100000, 0x0000000782200000|  0%| F|  |TAMS 0x0000000782100000, 0x0000000782100000| Untracked 
|  34|0x0000000782200000, 0x0000000782200000, 0x0000000782300000|  0%| F|  |TAMS 0x0000000782200000, 0x0000000782200000| Untracked 
|  35|0x0000000782300000, 0x0000000782300000, 0x0000000782400000|  0%| F|  |TAMS 0x0000000782300000, 0x0000000782300000| Untracked 
|  36|0x0000000782400000, 0x0000000782400000, 0x0000000782500000|  0%| F|  |TAMS 0x0000000782400000, 0x0000000782400000| Untracked 
|  37|0x0000000782500000, 0x0000000782500000, 0x0000000782600000|  0%| F|  |TAMS 0x0000000782500000, 0x0000000782500000| Untracked 
|  38|0x0000000782600000, 0x0000000782600000, 0x0000000782700000|  0%| F|  |TAMS 0x0000000782600000, 0x0000000782600000| Untracked 
|  39|0x0000000782700000, 0x0000000782700000, 0x0000000782800000|  0%| F|  |TAMS 0x0000000782700000, 0x0000000782700000| Untracked 
|  40|0x0000000782800000, 0x0000000782800000, 0x0000000782900000|  0%| F|  |TAMS 0x0000000782800000, 0x0000000782800000| Untracked 
|  41|0x0000000782900000, 0x0000000782900000, 0x0000000782a00000|  0%| F|  |TAMS 0x0000000782900000, 0x0000000782900000| Untracked 
|  42|0x0000000782a00000, 0x0000000782a00000, 0x0000000782b00000|  0%| F|  |TAMS 0x0000000782a00000, 0x0000000782a00000| Untracked 
|  43|0x0000000782b00000, 0x0000000782b00000, 0x0000000782c00000|  0%| F|  |TAMS 0x0000000782b00000, 0x0000000782b00000| Untracked 
|  44|0x0000000782c00000, 0x0000000782c00000, 0x0000000782d00000|  0%| F|  |TAMS 0x0000000782c00000, 0x0000000782c00000| Untracked 
|  45|0x0000000782d00000, 0x0000000782d00000, 0x0000000782e00000|  0%| F|  |TAMS 0x0000000782d00000, 0x0000000782d00000| Untracked 
|  46|0x0000000782e00000, 0x0000000782e00000, 0x0000000782f00000|  0%| F|  |TAMS 0x0000000782e00000, 0x0000000782e00000| Untracked 
|  47|0x0000000782f00000, 0x0000000782f00000, 0x0000000783000000|  0%| F|  |TAMS 0x0000000782f00000, 0x0000000782f00000| Untracked 
|  48|0x0000000783000000, 0x0000000783000000, 0x0000000783100000|  0%| F|  |TAMS 0x0000000783000000, 0x0000000783000000| Untracked 
|  49|0x0000000783100000, 0x0000000783100000, 0x0000000783200000|  0%| F|  |TAMS 0x0000000783100000, 0x0000000783100000| Untracked 
|  50|0x0000000783200000, 0x000000078324e6b8, 0x0000000783300000| 30%| S|CS|TAMS 0x0000000783200000, 0x0000000783200000| Complete 
|  51|0x0000000783300000, 0x0000000783400000, 0x0000000783400000|100%| S|CS|TAMS 0x0000000783300000, 0x0000000783300000| Complete 
|  52|0x0000000783400000, 0x0000000783400000, 0x0000000783500000|  0%| F|  |TAMS 0x0000000783400000, 0x0000000783400000| Untracked 
|  53|0x0000000783500000, 0x0000000783500000, 0x0000000783600000|  0%| F|  |TAMS 0x0000000783500000, 0x0000000783500000| Untracked 
|  54|0x0000000783600000, 0x0000000783600000, 0x0000000783700000|  0%| F|  |TAMS 0x0000000783600000, 0x0000000783600000| Untracked 
|  55|0x0000000783700000, 0x0000000783700000, 0x0000000783800000|  0%| F|  |TAMS 0x0000000783700000, 0x0000000783700000| Untracked 
|  56|0x0000000783800000, 0x0000000783800000, 0x0000000783900000|  0%| F|  |TAMS 0x0000000783800000, 0x0000000783800000| Untracked 
|  57|0x0000000783900000, 0x0000000783900000, 0x0000000783a00000|  0%| F|  |TAMS 0x0000000783900000, 0x0000000783900000| Untracked 
|  58|0x0000000783a00000, 0x0000000783a00000, 0x0000000783b00000|  0%| F|  |TAMS 0x0000000783a00000, 0x0000000783a00000| Untracked 
|  59|0x0000000783b00000, 0x0000000783b00000, 0x0000000783c00000|  0%| F|  |TAMS 0x0000000783b00000, 0x0000000783b00000| Untracked 
|  60|0x0000000783c00000, 0x0000000783c00000, 0x0000000783d00000|  0%| F|  |TAMS 0x0000000783c00000, 0x0000000783c00000| Untracked 
|  61|0x0000000783d00000, 0x0000000783d00000, 0x0000000783e00000|  0%| F|  |TAMS 0x0000000783d00000, 0x0000000783d00000| Untracked 
|  62|0x0000000783e00000, 0x0000000783e00000, 0x0000000783f00000|  0%| F|  |TAMS 0x0000000783e00000, 0x0000000783e00000| Untracked 
|  63|0x0000000783f00000, 0x0000000783f00000, 0x0000000784000000|  0%| F|  |TAMS 0x0000000783f00000, 0x0000000783f00000| Untracked 
|  64|0x0000000784000000, 0x0000000784000000, 0x0000000784100000|  0%| F|  |TAMS 0x0000000784000000, 0x0000000784000000| Untracked 
|  65|0x0000000784100000, 0x0000000784100000, 0x0000000784200000|  0%| F|  |TAMS 0x0000000784100000, 0x0000000784100000| Untracked 
|  66|0x0000000784200000, 0x0000000784200000, 0x0000000784300000|  0%| F|  |TAMS 0x0000000784200000, 0x0000000784200000| Untracked 
|  67|0x0000000784300000, 0x0000000784300000, 0x0000000784400000|  0%| F|  |TAMS 0x0000000784300000, 0x0000000784300000| Untracked 
|  68|0x0000000784400000, 0x0000000784400000, 0x0000000784500000|  0%| F|  |TAMS 0x0000000784400000, 0x0000000784400000| Untracked 
|  69|0x0000000784500000, 0x0000000784500000, 0x0000000784600000|  0%| F|  |TAMS 0x0000000784500000, 0x0000000784500000| Untracked 
|  70|0x0000000784600000, 0x0000000784600000, 0x0000000784700000|  0%| F|  |TAMS 0x0000000784600000, 0x0000000784600000| Untracked 
|  71|0x0000000784700000, 0x0000000784700000, 0x0000000784800000|  0%| F|  |TAMS 0x0000000784700000, 0x0000000784700000| Untracked 
|  72|0x0000000784800000, 0x0000000784800000, 0x0000000784900000|  0%| F|  |TAMS 0x0000000784800000, 0x0000000784800000| Untracked 
|  73|0x0000000784900000, 0x0000000784900000, 0x0000000784a00000|  0%| F|  |TAMS 0x0000000784900000, 0x0000000784900000| Untracked 
|  74|0x0000000784a00000, 0x0000000784a00000, 0x0000000784b00000|  0%| F|  |TAMS 0x0000000784a00000, 0x0000000784a00000| Untracked 
|  75|0x0000000784b00000, 0x0000000784b00000, 0x0000000784c00000|  0%| F|  |TAMS 0x0000000784b00000, 0x0000000784b00000| Untracked 
|  76|0x0000000784c00000, 0x0000000784c00000, 0x0000000784d00000|  0%| F|  |TAMS 0x0000000784c00000, 0x0000000784c00000| Untracked 
|  77|0x0000000784d00000, 0x0000000784d00000, 0x0000000784e00000|  0%| F|  |TAMS 0x0000000784d00000, 0x0000000784d00000| Untracked 
|  78|0x0000000784e00000, 0x0000000784e00000, 0x0000000784f00000|  0%| F|  |TAMS 0x0000000784e00000, 0x0000000784e00000| Untracked 
|  79|0x0000000784f00000, 0x0000000784f00000, 0x0000000785000000|  0%| F|  |TAMS 0x0000000784f00000, 0x0000000784f00000| Untracked 
|  80|0x0000000785000000, 0x0000000785000000, 0x0000000785100000|  0%| F|  |TAMS 0x0000000785000000, 0x0000000785000000| Untracked 
|  81|0x0000000785100000, 0x0000000785100000, 0x0000000785200000|  0%| F|  |TAMS 0x0000000785100000, 0x0000000785100000| Untracked 
|  82|0x0000000785200000, 0x0000000785200000, 0x0000000785300000|  0%| F|  |TAMS 0x0000000785200000, 0x0000000785200000| Untracked 
|  83|0x0000000785300000, 0x0000000785300000, 0x0000000785400000|  0%| F|  |TAMS 0x0000000785300000, 0x0000000785300000| Untracked 
|  84|0x0000000785400000, 0x0000000785400000, 0x0000000785500000|  0%| F|  |TAMS 0x0000000785400000, 0x0000000785400000| Untracked 
|  85|0x0000000785500000, 0x0000000785500000, 0x0000000785600000|  0%| F|  |TAMS 0x0000000785500000, 0x0000000785500000| Untracked 
|  86|0x0000000785600000, 0x0000000785600000, 0x0000000785700000|  0%| F|  |TAMS 0x0000000785600000, 0x0000000785600000| Untracked 
|  87|0x0000000785700000, 0x0000000785700000, 0x0000000785800000|  0%| F|  |TAMS 0x0000000785700000, 0x0000000785700000| Untracked 
|  88|0x0000000785800000, 0x0000000785800000, 0x0000000785900000|  0%| F|  |TAMS 0x0000000785800000, 0x0000000785800000| Untracked 
|  89|0x0000000785900000, 0x0000000785900000, 0x0000000785a00000|  0%| F|  |TAMS 0x0000000785900000, 0x0000000785900000| Untracked 
|  90|0x0000000785a00000, 0x0000000785a00000, 0x0000000785b00000|  0%| F|  |TAMS 0x0000000785a00000, 0x0000000785a00000| Untracked 
|  91|0x0000000785b00000, 0x0000000785b00000, 0x0000000785c00000|  0%| F|  |TAMS 0x0000000785b00000, 0x0000000785b00000| Untracked 
|  92|0x0000000785c00000, 0x0000000785c00000, 0x0000000785d00000|  0%| F|  |TAMS 0x0000000785c00000, 0x0000000785c00000| Untracked 
|  93|0x0000000785d00000, 0x0000000785d00000, 0x0000000785e00000|  0%| F|  |TAMS 0x0000000785d00000, 0x0000000785d00000| Untracked 
|  94|0x0000000785e00000, 0x0000000785e00000, 0x0000000785f00000|  0%| F|  |TAMS 0x0000000785e00000, 0x0000000785e00000| Untracked 
|  95|0x0000000785f00000, 0x0000000785f00000, 0x0000000786000000|  0%| F|  |TAMS 0x0000000785f00000, 0x0000000785f00000| Untracked 
|  96|0x0000000786000000, 0x0000000786000000, 0x0000000786100000|  0%| F|  |TAMS 0x0000000786000000, 0x0000000786000000| Untracked 
|  97|0x0000000786100000, 0x0000000786100000, 0x0000000786200000|  0%| F|  |TAMS 0x0000000786100000, 0x0000000786100000| Untracked 
|  98|0x0000000786200000, 0x0000000786200000, 0x0000000786300000|  0%| F|  |TAMS 0x0000000786200000, 0x0000000786200000| Untracked 
|  99|0x0000000786300000, 0x0000000786300000, 0x0000000786400000|  0%| F|  |TAMS 0x0000000786300000, 0x0000000786300000| Untracked 
| 100|0x0000000786400000, 0x0000000786400000, 0x0000000786500000|  0%| F|  |TAMS 0x0000000786400000, 0x0000000786400000| Untracked 
| 101|0x0000000786500000, 0x0000000786500000, 0x0000000786600000|  0%| F|  |TAMS 0x0000000786500000, 0x0000000786500000| Untracked 
| 102|0x0000000786600000, 0x0000000786600000, 0x0000000786700000|  0%| F|  |TAMS 0x0000000786600000, 0x0000000786600000| Untracked 
| 103|0x0000000786700000, 0x0000000786700000, 0x0000000786800000|  0%| F|  |TAMS 0x0000000786700000, 0x0000000786700000| Untracked 
| 104|0x0000000786800000, 0x0000000786800000, 0x0000000786900000|  0%| F|  |TAMS 0x0000000786800000, 0x0000000786800000| Untracked 
| 105|0x0000000786900000, 0x0000000786900000, 0x0000000786a00000|  0%| F|  |TAMS 0x0000000786900000, 0x0000000786900000| Untracked 
| 106|0x0000000786a00000, 0x0000000786a00000, 0x0000000786b00000|  0%| F|  |TAMS 0x0000000786a00000, 0x0000000786a00000| Untracked 
| 107|0x0000000786b00000, 0x0000000786b00000, 0x0000000786c00000|  0%| F|  |TAMS 0x0000000786b00000, 0x0000000786b00000| Untracked 
| 108|0x0000000786c00000, 0x0000000786c00000, 0x0000000786d00000|  0%| F|  |TAMS 0x0000000786c00000, 0x0000000786c00000| Untracked 
| 109|0x0000000786d00000, 0x0000000786d00000, 0x0000000786e00000|  0%| F|  |TAMS 0x0000000786d00000, 0x0000000786d00000| Untracked 
| 110|0x0000000786e00000, 0x0000000786e00000, 0x0000000786f00000|  0%| F|  |TAMS 0x0000000786e00000, 0x0000000786e00000| Untracked 
| 111|0x0000000786f00000, 0x0000000786f00000, 0x0000000787000000|  0%| F|  |TAMS 0x0000000786f00000, 0x0000000786f00000| Untracked 
| 112|0x0000000787000000, 0x0000000787000000, 0x0000000787100000|  0%| F|  |TAMS 0x0000000787000000, 0x0000000787000000| Untracked 
| 113|0x0000000787100000, 0x0000000787100000, 0x0000000787200000|  0%| F|  |TAMS 0x0000000787100000, 0x0000000787100000| Untracked 
| 114|0x0000000787200000, 0x0000000787200000, 0x0000000787300000|  0%| F|  |TAMS 0x0000000787200000, 0x0000000787200000| Untracked 
| 115|0x0000000787300000, 0x0000000787300000, 0x0000000787400000|  0%| F|  |TAMS 0x0000000787300000, 0x0000000787300000| Untracked 
| 116|0x0000000787400000, 0x0000000787400000, 0x0000000787500000|  0%| F|  |TAMS 0x0000000787400000, 0x0000000787400000| Untracked 
| 117|0x0000000787500000, 0x0000000787500000, 0x0000000787600000|  0%| F|  |TAMS 0x0000000787500000, 0x0000000787500000| Untracked 
| 118|0x0000000787600000, 0x0000000787600000, 0x0000000787700000|  0%| F|  |TAMS 0x0000000787600000, 0x0000000787600000| Untracked 
| 119|0x0000000787700000, 0x0000000787700000, 0x0000000787800000|  0%| F|  |TAMS 0x0000000787700000, 0x0000000787700000| Untracked 
| 120|0x0000000787800000, 0x0000000787800000, 0x0000000787900000|  0%| F|  |TAMS 0x0000000787800000, 0x0000000787800000| Untracked 
| 121|0x0000000787900000, 0x0000000787900000, 0x0000000787a00000|  0%| F|  |TAMS 0x0000000787900000, 0x0000000787900000| Untracked 
| 122|0x0000000787a00000, 0x0000000787a00000, 0x0000000787b00000|  0%| F|  |TAMS 0x0000000787a00000, 0x0000000787a00000| Untracked 
| 123|0x0000000787b00000, 0x0000000787b00000, 0x0000000787c00000|  0%| F|  |TAMS 0x0000000787b00000, 0x0000000787b00000| Untracked 
| 124|0x0000000787c00000, 0x0000000787c00000, 0x0000000787d00000|  0%| F|  |TAMS 0x0000000787c00000, 0x0000000787c00000| Untracked 
| 125|0x0000000787d00000, 0x0000000787d00000, 0x0000000787e00000|  0%| F|  |TAMS 0x0000000787d00000, 0x0000000787d00000| Untracked 
| 126|0x0000000787e00000, 0x0000000787e00000, 0x0000000787f00000|  0%| F|  |TAMS 0x0000000787e00000, 0x0000000787e00000| Untracked 
| 127|0x0000000787f00000, 0x0000000788000000, 0x0000000788000000|100%| E|  |TAMS 0x0000000787f00000, 0x0000000787f00000| Complete 
|1022|0x00000007bfe00000, 0x00000007bfe46000, 0x00000007bff00000| 27%|OA|  |TAMS 0x00000007bfe00000, 0x00000007bfe00000| Untracked 
|1023|0x00000007bff00000, 0x00000007bff6f000, 0x00000007c0000000| 43%|CA|  |TAMS 0x00000007bff00000, 0x00000007bff00000| Untracked 

Card table byte_map: [0x0000000108374000,0x0000000108774000] _byte_map_base: 0x0000000104774000

Marking Bits (Prev, Next): (CMBitMap*) 0x00007ff973027c18, (CMBitMap*) 0x00007ff973027c58
 Prev Bits: [0x0000000108b74000, 0x000000010ab74000)
 Next Bits: [0x000000010ab74000, 0x000000010cb74000)

Polling page: 0x00000001063ca000

Metaspace:

Usage:
  Non-class:      5.91 MB capacity,     5.79 MB ( 98%) used,   106.41 KB (  2%) free+waste,    22.88 KB ( <1%) overhead. 
      Class:    941.00 KB capacity,   778.34 KB ( 83%) used,   147.48 KB ( 16%) free+waste,    15.19 KB (  2%) overhead. 
       Both:      6.83 MB capacity,     6.55 MB ( 96%) used,   253.88 KB (  4%) free+waste,    38.06 KB ( <1%) overhead. 

Virtual space:
  Non-class space:        8.00 MB reserved,       6.00 MB ( 75%) committed 
      Class space:        1.00 GB reserved,       1.00 MB ( <1%) committed 
             Both:        1.01 GB reserved,       7.00 MB ( <1%) committed 

Chunk freelists:
   Non-Class:  6.75 KB
       Class:  1.38 KB
        Both:  8.12 KB

CodeHeap 'non-profiled nmethods': size=120032Kb used=522Kb max_used=522Kb free=119509Kb
 bounds [0x000000011e47a000, 0x000000011e6ea000, 0x00000001259b2000]
CodeHeap 'profiled nmethods': size=120032Kb used=1596Kb max_used=1596Kb free=118435Kb
 bounds [0x0000000116f42000, 0x00000001171b2000, 0x000000011e47a000]
CodeHeap 'non-nmethods': size=5696Kb used=1206Kb max_used=1239Kb free=4489Kb
 bounds [0x00000001169b2000, 0x0000000116c22000, 0x0000000116f42000]
 total_blobs=1743 nmethods=939 adapters=486
 compilation: enabled
              stopped_count=0, restarted_count=0
 full_count=0

Compilation events (10 events):
Event: 954.396 Thread 0x00007ff97180a800  935       3       sun.java2d.pipe.RenderBuffer::remaining (11 bytes)
Event: 954.396 Thread 0x00007ff97180a800 nmethod 935 0x00000001170d0f90 code [0x00000001170d1140, 0x00000001170d12d0]
Event: 954.398 Thread 0x00007ff97180a800  936       1       sun.java2d.pipe.RenderQueue::getBuffer (5 bytes)
Event: 954.398 Thread 0x00007ff97180a800 nmethod 936 0x000000011e4f9590 code [0x000000011e4f9740, 0x000000011e4f9870]
Event: 956.581 Thread 0x00007ff97305f000  937 % !   4       javax.swing.TimerQueue::run @ 9 (242 bytes)
Event: 956.610 Thread 0x00007ff97305f000 nmethod 937% 0x000000011e4f9910 code [0x000000011e4f9c60, 0x000000011e4fb0c8]
Event: 993.986 Thread 0x00007ff97305f000  938       4       java.util.concurrent.locks.AbstractQueuedSynchronizer::shouldParkAfterFailedAcquire (50 bytes)
Event: 993.987 Thread 0x00007ff97305f000 nmethod 938 0x000000011e4fc310 code [0x000000011e4fc4a0, 0x000000011e4fc538]
Event: 1050.382 Thread 0x00007ff97305f000  939       4       sun.awt.SunToolkit::getSystemEventQueueImplPP (13 bytes)
Event: 1050.383 Thread 0x00007ff97305f000 nmethod 939 0x000000011e4fc610 code [0x000000011e4fc7c0, 0x000000011e4fc868]

GC Heap History (4 events):
Event: 153.409 GC heap before
{Heap before GC invocations=0 (full 0):
 garbage-first heap   total 133120K, used 15060K [0x0000000780000000, 0x0000000800000000)
  region size 1024K, 14 young (14336K), 0 survivors (0K)
 Metaspace       used 6490K, capacity 6771K, committed 7168K, reserved 1056768K
  class space    used 761K, capacity 909K, committed 1024K, reserved 1048576K
}
Event: 153.440 GC heap after
{Heap after GC invocations=1 (full 0):
 garbage-first heap   total 133120K, used 1980K [0x0000000780000000, 0x0000000800000000)
  region size 1024K, 2 young (2048K), 2 survivors (2048K)
 Metaspace       used 6490K, capacity 6771K, committed 7168K, reserved 1056768K
  class space    used 761K, capacity 909K, committed 1024K, reserved 1048576K
}
Event: 1454.682 GC heap before
{Heap before GC invocations=1 (full 0):
 garbage-first heap   total 133120K, used 84924K [0x0000000780000000, 0x0000000800000000)
  region size 1024K, 76 young (77824K), 2 survivors (2048K)
 Metaspace       used 6702K, capacity 6995K, committed 7168K, reserved 1056768K
  class space    used 778K, capacity 941K, committed 1024K, reserved 1048576K
}
Event: 1454.695 GC heap after
{Heap after GC invocations=2 (full 0):
 garbage-first heap   total 133120K, used 9229K [0x0000000780000000, 0x0000000800000000)
  region size 1024K, 2 young (2048K), 2 survivors (2048K)
 Metaspace       used 6702K, capacity 6995K, committed 7168K, reserved 1056768K
  class space    used 778K, capacity 941K, committed 1024K, reserved 1048576K
}

Deoptimization events (9 events):
Event: 0.804 Thread 0x00007ff9720ad800 Uncommon trap: reason=unstable_if action=reinterpret pc=0x000000011e494d3c method=java.lang.String.equals(Ljava/lang/Object;)Z @ 27 c2
Event: 35.740 Thread 0x00007ff9720ad800 Uncommon trap: reason=class_check action=maybe_recompile pc=0x000000011e4b87a0 method=java.awt.EventQueue.coalesceEvent(Ljava/awt/AWTEvent;I)Z @ 32 c2
Event: 374.474 Thread 0x00007ff9720ad800 Uncommon trap: reason=unstable_if action=reinterpret pc=0x000000011e4b5ce0 method=sun.awt.PostEventQueue.flush()V @ 23 c2
Event: 374.795 Thread 0x00007ff9720ad800 Uncommon trap: reason=unstable_if action=reinterpret pc=0x000000011e4ca0b4 method=java.awt.EventQueue.getPriority(Ljava/awt/AWTEvent;)I @ 71 c2
Event: 374.795 Thread 0x00007ff9720ad800 Uncommon trap: reason=unstable_if action=reinterpret pc=0x000000011e4c1738 method=java.awt.EventQueue.eventToCacheIndex(Ljava/awt/AWTEvent;)I @ 4 c2
Event: 374.825 Thread 0x00007ff9720ad800 Uncommon trap: reason=unstable_if action=reinterpret pc=0x000000011e4d42b8 method=java.awt.EventQueue.eventToCacheIndex(Ljava/awt/AWTEvent;)I @ 4 c2
Event: 375.118 Thread 0x00007ff9720ad800 Uncommon trap: reason=unstable_if action=reinterpret pc=0x000000011e4bff64 method=java.awt.EventQueue.eventToCacheIndex(Ljava/awt/AWTEvent;)I @ 4 c2
Event: 391.865 Thread 0x00007ff9730ee000 Uncommon trap: reason=unstable_if action=reinterpret pc=0x000000011e4e70d4 method=java.awt.EventQueue.postEvent(Ljava/awt/AWTEvent;I)V @ 6 c2
Event: 1454.695 Thread 0x00007ff9731b6800 Uncommon trap: reason=unstable_if action=reinterpret pc=0x000000011e4da3c0 method=java.util.concurrent.locks.AbstractQueuedSynchronizer$ConditionObject.signal()V @ 24 c2

Classes redefined (0 events):
No events

Internal exceptions (10 events):
Event: 0.721 Thread 0x00007ff973007000 Exception <a 'java/lang/NoSuchMethodError'{0x0000000787b02280}: java.lang.invoke.DirectMethodHandle$Holder.invokeStatic(Ljava/lang/Object;IJ)V> (0x0000000787b02280) thrown at [/scratch/mesos/slaves/07fc96ef-bf4d-487f-b22f-a84e49f5f44a-S132128/frameworks/1
Event: 0.723 Thread 0x00007ff973007000 Exception <a 'java/lang/NoSuchMethodError'{0x0000000787b09588}: java.lang.invoke.DirectMethodHandle$Holder.invokeSpecial(Ljava/lang/Object;Ljava/lang/Object;)V> (0x0000000787b09588) thrown at [/scratch/mesos/slaves/07fc96ef-bf4d-487f-b22f-a84e49f5f44a-S13
Event: 0.723 Thread 0x00007ff9720ad800 Exception <a 'java/lang/NoSuchMethodError'{0x0000000787b49758}: java.lang.invoke.DirectMethodHandle$Holder.invokeStatic(Ljava/lang/Object;J)V> (0x0000000787b49758) thrown at [/scratch/mesos/slaves/07fc96ef-bf4d-487f-b22f-a84e49f5f44a-S132128/frameworks/17
Event: 0.725 Thread 0x00007ff973007000 Exception <a 'java/lang/NoSuchMethodError'{0x0000000787b19a58}: java.lang.invoke.Invokers$Holder.linkToTargetMethod(IIIILjava/lang/Object;)Ljava/lang/Object;> (0x0000000787b19a58) thrown at [/scratch/mesos/slaves/07fc96ef-bf4d-487f-b22f-a84e49f5f44a-S1321
Event: 0.726 Thread 0x00007ff973007000 Exception <a 'java/lang/NoSuchMethodError'{0x0000000787b1c558}: java.lang.invoke.DirectMethodHandle$Holder.invokeStatic(Ljava/lang/Object;Ljava/lang/Object;J)V> (0x0000000787b1c558) thrown at [/scratch/mesos/slaves/07fc96ef-bf4d-487f-b22f-a84e49f5f44a-S13
Event: 0.734 Thread 0x00007ff9730ee000 Exception <a 'java/lang/NoSuchMethodError'{0x0000000787ba2498}: java.lang.invoke.DirectMethodHandle$Holder.invokeSpecial(Ljava/lang/Object;Ljava/lang/Object;J)V> (0x0000000787ba2498) thrown at [/scratch/mesos/slaves/07fc96ef-bf4d-487f-b22f-a84e49f5f44a-S1
Event: 0.756 Thread 0x00007ff973007000 Exception <a 'java/lang/NoSuchMethodError'{0x0000000787b30c30}: java.lang.invoke.DirectMethodHandle$Holder.invokeStatic(Ljava/lang/Object;JJ)V> (0x0000000787b30c30) thrown at [/scratch/mesos/slaves/07fc96ef-bf4d-487f-b22f-a84e49f5f44a-S132128/frameworks/1
Event: 0.758 Thread 0x00007ff973007000 Exception <a 'java/lang/NoSuchMethodError'{0x0000000787b3c088}: java.lang.invoke.Invokers$Holder.linkToTargetMethod(Ljava/lang/Object;ILjava/lang/Object;)Ljava/lang/Object;> (0x0000000787b3c088) thrown at [/scratch/mesos/slaves/07fc96ef-bf4d-487f-b22f-a84
Event: 153.440 Thread 0x00007ff972001000 Exception <a 'java/lang/NullPointerException'{0x0000000787f80800}> (0x0000000787f80800) thrown at [/scratch/mesos/slaves/07fc96ef-bf4d-487f-b22f-a84e49f5f44a-S132128/frameworks/1735e8a2-a1db-478c-8104-60c8b0af87dd-0196/executors/d114875b-3e52-427a-b654-fb
Event: 1454.695 Thread 0x00007ff9731b6800 Implicit null exception at 0x000000011e4d91fc to 0x000000011e4da392

Events (10 events):
Event: 391.866 Thread 0x00007ff9730ee000 DEOPT UNPACKING pc=0x00000001169db3a5 sp=0x00007ffee98a7740 mode 2
Event: 1028.466 Thread 0x00007ff9720ad800 DEOPT PACKING pc=0x00000001170c8e9d sp=0x000070000a14a820
Event: 1028.466 Thread 0x00007ff9720ad800 DEOPT UNPACKING pc=0x00000001169db1ba sp=0x000070000a149d48 mode 0
Event: 1031.893 Thread 0x00007ff9731b6800 DEOPT PACKING pc=0x00000001170caf72 sp=0x000070000a0478f0
Event: 1031.893 Thread 0x00007ff9731b6800 DEOPT UNPACKING pc=0x00000001169db1ba sp=0x000070000a046e90 mode 0
Event: 1454.682 Executing VM operation: G1CollectForAllocation
Event: 1454.695 Executing VM operation: G1CollectForAllocation done
Event: 1454.695 Thread 0x00007ff9731b6800 Uncommon trap: trap_request=0xffffff4d fr.pc=0x000000011e4da3c0 relative=0x0000000000001620
Event: 1454.695 Thread 0x00007ff9731b6800 DEOPT PACKING pc=0x000000011e4da3c0 sp=0x000070000a047960
Event: 1454.696 Thread 0x00007ff9731b6800 DEOPT UNPACKING pc=0x00000001169db3a5 sp=0x000070000a0477d0 mode 2


Dynamic libraries:
0x00007fff7dc86000 	/usr/lib/libz.1.dylib
0x000000010635f000 	/Library/Java/JavaVirtualMachines/jdk-12.jdk/Contents/Home/lib/libjli.dylib
0x00007fff51ea8000 	/System/Library/Frameworks/Cocoa.framework/Versions/A/Cocoa
0x00007fff5dbc0000 	/System/Library/Frameworks/Security.framework/Versions/A/Security
0x00007fff50b3d000 	/System/Library/Frameworks/ApplicationServices.framework/Versions/A/ApplicationServices
0x00007fff7b5e0000 	/usr/lib/libSystem.B.dylib
0x00007fff7e47c000 	/usr/lib/system/libcache.dylib
0x00007fff7e481000 	/usr/lib/system/libcommonCrypto.dylib
0x00007fff7e48c000 	/usr/lib/system/libcompiler_rt.dylib
0x00007fff7e494000 	/usr/lib/system/libcopyfile.dylib
0x00007fff7e49e000 	/usr/lib/system/libcorecrypto.dylib
0x00007fff7e5a9000 	/usr/lib/system/libdispatch.dylib
0x00007fff7e5e3000 	/usr/lib/system/libdyld.dylib
0x00007fff7e610000 	/usr/lib/system/libkeymgr.dylib
0x00007fff7e61e000 	/usr/lib/system/liblaunch.dylib
0x00007fff7e61f000 	/usr/lib/system/libmacho.dylib
0x00007fff7e625000 	/usr/lib/system/libquarantine.dylib
0x00007fff7e628000 	/usr/lib/system/libremovefile.dylib
0x00007fff7e62a000 	/usr/lib/system/libsystem_asl.dylib
0x00007fff7e642000 	/usr/lib/system/libsystem_blocks.dylib
0x00007fff7e643000 	/usr/lib/system/libsystem_c.dylib
0x00007fff7e6cb000 	/usr/lib/system/libsystem_configuration.dylib
0x00007fff7e6cf000 	/usr/lib/system/libsystem_coreservices.dylib
0x00007fff7e6d3000 	/usr/lib/system/libsystem_darwin.dylib
0x00007fff7e6da000 	/usr/lib/system/libsystem_dnssd.dylib
0x00007fff7e6e1000 	/usr/lib/system/libsystem_info.dylib
0x00007fff7e756000 	/usr/lib/system/libsystem_m.dylib
0x00007fff7e7a2000 	/usr/lib/system/libsystem_malloc.dylib
0x00007fff7e7cd000 	/usr/lib/system/libsystem_networkextension.dylib
0x00007fff7e7d8000 	/usr/lib/system/libsystem_notify.dylib
0x00007fff7e7f5000 	/usr/lib/system/libsystem_sandbox.dylib
0x00007fff7e7f9000 	/usr/lib/system/libsystem_secinit.dylib
0x00007fff7e72d000 	/usr/lib/system/libsystem_kernel.dylib
0x00007fff7e7e0000 	/usr/lib/system/libsystem_platform.dylib
0x00007fff7e7ea000 	/usr/lib/system/libsystem_pthread.dylib
0x00007fff7e7fc000 	/usr/lib/system/libsystem_symptoms.dylib
0x00007fff7e804000 	/usr/lib/system/libsystem_trace.dylib
0x00007fff7e81b000 	/usr/lib/system/libunwind.dylib
0x00007fff7e821000 	/usr/lib/system/libxpc.dylib
0x00007fff7ce17000 	/usr/lib/libobjc.A.dylib
0x00007fff7b877000 	/usr/lib/libc++abi.dylib
0x00007fff7b823000 	/usr/lib/libc++.1.dylib
0x00007fff52690000 	/System/Library/Frameworks/CoreFoundation.framework/Versions/A/CoreFoundation
0x00007fff54912000 	/System/Library/Frameworks/Foundation.framework/Versions/C/Foundation
0x00007fff4fd36000 	/System/Library/Frameworks/AppKit.framework/Versions/C/AppKit
0x00007fff52223000 	/System/Library/Frameworks/CoreData.framework/Versions/A/CoreData
0x00007fff750b3000 	/System/Library/PrivateFrameworks/RemoteViewServices.framework/Versions/A/RemoteViewServices
0x00007fff79320000 	/System/Library/PrivateFrameworks/UIFoundation.framework/Versions/A/UIFoundation
0x00007fff7aa02000 	/System/Library/PrivateFrameworks/XCTTargetBootstrap.framework/Versions/A/XCTTargetBootstrap
0x00007fff525a8000 	/System/Library/Frameworks/CoreDisplay.framework/Versions/A/CoreDisplay
0x00007fff6fe06000 	/System/Library/PrivateFrameworks/IconServices.framework/Versions/A/IconServices
0x00007fff57236000 	/System/Library/Frameworks/Metal.framework/Versions/A/Metal
0x00007fff67381000 	/System/Library/PrivateFrameworks/DesktopServicesPriv.framework/Versions/A/DesktopServicesPriv
0x00007fff7c17a000 	/usr/lib/libenergytrace.dylib
0x00007fff77809000 	/System/Library/PrivateFrameworks/SkyLight.framework/Versions/A/SkyLight
0x00007fff52ad6000 	/System/Library/Frameworks/CoreGraphics.framework/Versions/A/CoreGraphics
0x00007fff4eb02000 	/System/Library/Frameworks/Accelerate.framework/Versions/A/Accelerate
0x00007fff5505a000 	/System/Library/Frameworks/IOSurface.framework/Versions/A/IOSurface
0x00007fff671ed000 	/System/Library/PrivateFrameworks/DFRFoundation.framework/Versions/A/DFRFoundation
0x00007fff51020000 	/System/Library/Frameworks/AudioToolbox.framework/Versions/A/AudioToolbox
0x00007fff51299000 	/System/Library/Frameworks/AudioUnit.framework/Versions/A/AudioUnit
0x00007fff67282000 	/System/Library/PrivateFrameworks/DataDetectorsCore.framework/Versions/A/DataDetectorsCore
0x00007fff519ac000 	/System/Library/Frameworks/Carbon.framework/Versions/A/Frameworks/HIToolbox.framework/Versions/A/HIToolbox
0x00007fff7c2d3000 	/usr/lib/libicucore.A.dylib
0x00007fff5d135000 	/System/Library/Frameworks/QuartzCore.framework/Versions/A/QuartzCore
0x00007fff51d80000 	/System/Library/Frameworks/Carbon.framework/Versions/A/Frameworks/SpeechRecognition.framework/Versions/A/SpeechRecognition
0x00007fff7b734000 	/usr/lib/libauto.dylib
0x00007fff7db7a000 	/usr/lib/libxml2.2.dylib
0x00007fff66dca000 	/System/Library/PrivateFrameworks/CoreUI.framework/Versions/A/CoreUI
0x00007fff5210e000 	/System/Library/Frameworks/CoreAudio.framework/Versions/A/CoreAudio
0x00007fff54747000 	/System/Library/Frameworks/DiskArbitration.framework/Versions/A/DiskArbitration
0x00007fff7c581000 	/usr/lib/liblangid.dylib
0x00007fff71214000 	/System/Library/PrivateFrameworks/MultitouchSupport.framework/Versions/A/MultitouchSupport
0x00007fff54fc9000 	/System/Library/Frameworks/IOKit.framework/Versions/A/IOKit
0x00007fff7b1a1000 	/usr/lib/libDiagnosticMessagesClient.dylib
0x00007fff538e5000 	/System/Library/Frameworks/CoreServices.framework/Versions/A/CoreServices
0x00007fff72ebb000 	/System/Library/PrivateFrameworks/PerformanceAnalysis.framework/Versions/A/PerformanceAnalysis
0x00007fff5c323000 	/System/Library/Frameworks/OpenGL.framework/Versions/A/OpenGL
0x00007fff51eb6000 	/System/Library/Frameworks/ColorSync.framework/Versions/A/ColorSync
0x00007fff53167000 	/System/Library/Frameworks/CoreImage.framework/Versions/A/CoreImage
0x00007fff542be000 	/System/Library/Frameworks/CoreText.framework/Versions/A/CoreText
0x00007fff550bd000 	/System/Library/Frameworks/ImageIO.framework/Versions/A/ImageIO
0x00007fff6341f000 	/System/Library/PrivateFrameworks/Backup.framework/Versions/A/Backup
0x00007fff7b687000 	/usr/lib/libarchive.2.dylib
0x00007fff515f1000 	/System/Library/Frameworks/CFNetwork.framework/Versions/A/CFNetwork
0x00007fff5e31a000 	/System/Library/Frameworks/SystemConfiguration.framework/Versions/A/SystemConfiguration
0x00007fff7b0d2000 	/usr/lib/libCRFSuite.dylib
0x00007fff7b804000 	/usr/lib/libbsm.0.dylib
0x00007fff7e611000 	/usr/lib/system/libkxld.dylib
0x00007fff62810000 	/System/Library/PrivateFrameworks/AppleFSCompression.framework/Versions/A/AppleFSCompression
0x00007fff7b4a0000 	/usr/lib/libOpenScriptingUtil.dylib
0x00007fff7bb2c000 	/usr/lib/libcoretls.dylib
0x00007fff7bb43000 	/usr/lib/libcoretls_cfhelpers.dylib
0x00007fff7d5ae000 	/usr/lib/libpam.2.dylib
0x00007fff7d76e000 	/usr/lib/libsqlite3.dylib
0x00007fff7db68000 	/usr/lib/libxar.1.dylib
0x00007fff7b815000 	/usr/lib/libbz2.1.0.dylib
0x00007fff7c583000 	/usr/lib/liblzma.5.dylib
0x00007fff7ca34000 	/usr/lib/libnetwork.dylib
0x00007fff7b670000 	/usr/lib/libapple_nghttp2.dylib
0x00007fff7d5b5000 	/usr/lib/libpcap.A.dylib
0x00007fff53c84000 	/System/Library/Frameworks/CoreServices.framework/Versions/A/Frameworks/FSEvents.framework/Versions/A/FSEvents
0x00007fff53963000 	/System/Library/Frameworks/CoreServices.framework/Versions/A/Frameworks/CarbonCore.framework/Versions/A/CarbonCore
0x00007fff53e40000 	/System/Library/Frameworks/CoreServices.framework/Versions/A/Frameworks/Metadata.framework/Versions/A/Metadata
0x00007fff53edf000 	/System/Library/Frameworks/CoreServices.framework/Versions/A/Frameworks/OSServices.framework/Versions/A/OSServices
0x00007fff53f2a000 	/System/Library/Frameworks/CoreServices.framework/Versions/A/Frameworks/SearchKit.framework/Versions/A/SearchKit
0x00007fff538e6000 	/System/Library/Frameworks/CoreServices.framework/Versions/A/Frameworks/AE.framework/Versions/A/AE
0x00007fff53c8d000 	/System/Library/Frameworks/CoreServices.framework/Versions/A/Frameworks/LaunchServices.framework/Versions/A/LaunchServices
0x00007fff53c3b000 	/System/Library/Frameworks/CoreServices.framework/Versions/A/Frameworks/DictionaryServices.framework/Versions/A/DictionaryServices
0x00007fff53f92000 	/System/Library/Frameworks/CoreServices.framework/Versions/A/Frameworks/SharedFileList.framework/Versions/A/SharedFileList
0x00007fff582fe000 	/System/Library/Frameworks/NetFS.framework/Versions/A/NetFS
0x00007fff7147a000 	/System/Library/PrivateFrameworks/NetAuth.framework/Versions/A/NetAuth
0x00007fff7ae06000 	/System/Library/PrivateFrameworks/login.framework/Versions/A/Frameworks/loginsupport.framework/Versions/A/loginsupport
0x00007fff78f29000 	/System/Library/PrivateFrameworks/TCC.framework/Versions/A/TCC
0x00007fff66427000 	/System/Library/PrivateFrameworks/CoreNLP.framework/Versions/A/CoreNLP
0x00007fff70f0d000 	/System/Library/PrivateFrameworks/MetadataUtilities.framework/Versions/A/MetadataUtilities
0x00007fff7c658000 	/usr/lib/libmecabra.dylib
0x00007fff50b3e000 	/System/Library/Frameworks/ApplicationServices.framework/Versions/A/Frameworks/ATS.framework/Versions/A/ATS
0x00007fff50e8d000 	/System/Library/Frameworks/ApplicationServices.framework/Versions/A/Frameworks/ColorSyncLegacy.framework/Versions/A/ColorSyncLegacy
0x00007fff50f2c000 	/System/Library/Frameworks/ApplicationServices.framework/Versions/A/Frameworks/HIServices.framework/Versions/A/HIServices
0x00007fff50f7f000 	/System/Library/Frameworks/ApplicationServices.framework/Versions/A/Frameworks/LangAnalysis.framework/Versions/A/LangAnalysis
0x00007fff50f8f000 	/System/Library/Frameworks/ApplicationServices.framework/Versions/A/Frameworks/PrintCore.framework/Versions/A/PrintCore
0x00007fff50fd9000 	/System/Library/Frameworks/ApplicationServices.framework/Versions/A/Frameworks/QD.framework/Versions/A/QD
0x00007fff51013000 	/System/Library/Frameworks/ApplicationServices.framework/Versions/A/Frameworks/SpeechSynthesis.framework/Versions/A/SpeechSynthesis
0x00007fff7b89f000 	/usr/lib/libcompression.dylib
0x00007fff57506000 	/System/Library/Frameworks/MetalPerformanceShaders.framework/Versions/A/MetalPerformanceShaders
0x00007fff4eb1a000 	/System/Library/Frameworks/Accelerate.framework/Versions/A/Frameworks/vImage.framework/Versions/A/vImage
0x00007fff4fb94000 	/System/Library/Frameworks/Accelerate.framework/Versions/A/Frameworks/vecLib.framework/Versions/A/vecLib
0x00007fff4fae0000 	/System/Library/Frameworks/Accelerate.framework/Versions/A/Frameworks/vecLib.framework/Versions/A/libvMisc.dylib
0x00007fff4f8f8000 	/System/Library/Frameworks/Accelerate.framework/Versions/A/Frameworks/vecLib.framework/Versions/A/libvDSP.dylib
0x00007fff4f1b4000 	/System/Library/Frameworks/Accelerate.framework/Versions/A/Frameworks/vecLib.framework/Versions/A/libBLAS.dylib
0x00007fff4f4a1000 	/System/Library/Frameworks/Accelerate.framework/Versions/A/Frameworks/vecLib.framework/Versions/A/libLAPACK.dylib
0x00007fff4f84b000 	/System/Library/Frameworks/Accelerate.framework/Versions/A/Frameworks/vecLib.framework/Versions/A/libLinearAlgebra.dylib
0x00007fff4f8e4000 	/System/Library/Frameworks/Accelerate.framework/Versions/A/Frameworks/vecLib.framework/Versions/A/libSparseBLAS.dylib
0x00007fff4f861000 	/System/Library/Frameworks/Accelerate.framework/Versions/A/Frameworks/vecLib.framework/Versions/A/libQuadrature.dylib
0x00007fff4f42e000 	/System/Library/Frameworks/Accelerate.framework/Versions/A/Frameworks/vecLib.framework/Versions/A/libBNNS.dylib
0x00007fff4f867000 	/System/Library/Frameworks/Accelerate.framework/Versions/A/Frameworks/vecLib.framework/Versions/A/libSparse.dylib
0x00007fff6d769000 	/System/Library/PrivateFrameworks/GPUWrangler.framework/Versions/A/GPUWrangler
0x00007fff6fa3b000 	/System/Library/PrivateFrameworks/IOAccelerator.framework/Versions/A/IOAccelerator
0x00007fff6fa46000 	/System/Library/PrivateFrameworks/IOPresentment.framework/Versions/A/IOPresentment
0x00007fff671fd000 	/System/Library/PrivateFrameworks/DSExternalDisplay.framework/Versions/A/DSExternalDisplay
0x00007fff5b77a000 	/System/Library/Frameworks/OpenGL.framework/Versions/A/Libraries/libCoreFSCache.dylib
0x00007fff572fa000 	/System/Library/Frameworks/MetalPerformanceShaders.framework/Frameworks/MPSCore.framework/Versions/A/MPSCore
0x00007fff5731a000 	/System/Library/Frameworks/MetalPerformanceShaders.framework/Frameworks/MPSImage.framework/Versions/A/MPSImage
0x00007fff573bf000 	/System/Library/Frameworks/MetalPerformanceShaders.framework/Frameworks/MPSNeuralNetwork.framework/Versions/A/MPSNeuralNetwork
0x00007fff57397000 	/System/Library/Frameworks/MetalPerformanceShaders.framework/Frameworks/MPSMatrix.framework/Versions/A/MPSMatrix
0x00007fff574eb000 	/System/Library/Frameworks/MetalPerformanceShaders.framework/Frameworks/MPSRayIntersector.framework/Versions/A/MPSRayIntersector
0x00007fff70f36000 	/System/Library/PrivateFrameworks/MetalTools.framework/Versions/A/MetalTools
0x00007fff620bd000 	/System/Library/PrivateFrameworks/AggregateDictionary.framework/Versions/A/AggregateDictionary
0x00007fff7b481000 	/usr/lib/libMobileGestalt.dylib
0x00007fff54421000 	/System/Library/Frameworks/CoreVideo.framework/Versions/A/CoreVideo
0x00007fff6e579000 	/System/Library/PrivateFrameworks/GraphVisualizer.framework/Versions/A/GraphVisualizer
0x00007fff683f9000 	/System/Library/PrivateFrameworks/FaceCore.framework/Versions/A/FaceCore
0x00007fff5ada8000 	/System/Library/Frameworks/OpenCL.framework/Versions/A/OpenCL
0x00007fff7b1d9000 	/usr/lib/libFosl_dynamic.dylib
0x00007fff71ce5000 	/System/Library/PrivateFrameworks/OTSVG.framework/Versions/A/OTSVG
0x00007fff50c42000 	/System/Library/Frameworks/ApplicationServices.framework/Versions/A/Frameworks/ATS.framework/Versions/A/Resources/libFontParser.dylib
0x00007fff50d5a000 	/System/Library/Frameworks/ApplicationServices.framework/Versions/A/Frameworks/ATS.framework/Versions/A/Resources/libFontRegistry.dylib
0x00007fff5532b000 	/System/Library/Frameworks/ImageIO.framework/Versions/A/Resources/libJPEG.dylib
0x00007fff5563d000 	/System/Library/Frameworks/ImageIO.framework/Versions/A/Resources/libTIFF.dylib
0x00007fff55613000 	/System/Library/Frameworks/ImageIO.framework/Versions/A/Resources/libPng.dylib
0x00007fff55249000 	/System/Library/Frameworks/ImageIO.framework/Versions/A/Resources/libGIF.dylib
0x00007fff5524e000 	/System/Library/Frameworks/ImageIO.framework/Versions/A/Resources/libJP2.dylib
0x00007fff5563a000 	/System/Library/Frameworks/ImageIO.framework/Versions/A/Resources/libRadiance.dylib
0x00007fff62967000 	/System/Library/PrivateFrameworks/AppleJPEG.framework/Versions/A/AppleJPEG
0x00007fff5b785000 	/System/Library/Frameworks/OpenGL.framework/Versions/A/Libraries/libGFXShared.dylib
0x00007fff5b948000 	/System/Library/Frameworks/OpenGL.framework/Versions/A/Libraries/libGLU.dylib
0x00007fff5b78e000 	/System/Library/Frameworks/OpenGL.framework/Versions/A/Libraries/libGL.dylib
0x00007fff5b79a000 	/System/Library/Frameworks/OpenGL.framework/Versions/A/Libraries/libGLImage.dylib
0x00007fff5b777000 	/System/Library/Frameworks/OpenGL.framework/Versions/A/Libraries/libCVMSPluginSupport.dylib
0x00007fff5b780000 	/System/Library/Frameworks/OpenGL.framework/Versions/A/Libraries/libCoreVMClient.dylib
0x00007fff7bff0000 	/usr/lib/libcups.2.dylib
0x00007fff56801000 	/System/Library/Frameworks/Kerberos.framework/Versions/A/Kerberos
0x00007fff54d2e000 	/System/Library/Frameworks/GSS.framework/Versions/A/GSS
0x00007fff7d703000 	/usr/lib/libresolv.9.dylib
0x00007fff7c1e2000 	/usr/lib/libiconv.2.dylib
0x00007fff6e6d8000 	/System/Library/PrivateFrameworks/Heimdal.framework/Versions/A/Heimdal
0x00007fff7c1b2000 	/usr/lib/libheimdal-asn1.dylib
0x00007fff5ae1c000 	/System/Library/Frameworks/OpenDirectory.framework/Versions/A/OpenDirectory
0x00007fff6518c000 	/System/Library/PrivateFrameworks/CommonAuth.framework/Versions/A/CommonAuth
0x00007fff5ae00000 	/System/Library/Frameworks/OpenDirectory.framework/Versions/A/Frameworks/CFOpenDirectory.framework/Versions/A/CFOpenDirectory
0x00007fff5dec0000 	/System/Library/Frameworks/SecurityFoundation.framework/Versions/A/SecurityFoundation
0x00007fff61606000 	/System/Library/PrivateFrameworks/APFS.framework/Versions/A/APFS
0x00007fff7db64000 	/usr/lib/libutil.dylib
0x00007fff7b88d000 	/usr/lib/libcharset.1.dylib
0x00007fff62c04000 	/System/Library/PrivateFrameworks/AppleSauce.framework/Versions/A/AppleSauce
0x00007fff62d85000 	/System/Library/PrivateFrameworks/AssertionServices.framework/Versions/A/AssertionServices
0x00007fff634b5000 	/System/Library/PrivateFrameworks/BaseBoard.framework/Versions/A/BaseBoard
0x00007fff7c5b3000 	/usr/lib/libmecab.1.0.0.dylib
0x00007fff7c1ac000 	/usr/lib/libgermantok.dylib
0x00007fff7b65d000 	/usr/lib/libThaiTokenizer.dylib
0x00007fff7b109000 	/usr/lib/libChineseTokenizer.dylib
0x00007fff700f4000 	/System/Library/PrivateFrameworks/LanguageModeling.framework/Versions/A/LanguageModeling
0x00007fff65e6d000 	/System/Library/PrivateFrameworks/CoreEmoji.framework/Versions/A/CoreEmoji
0x00007fff701d0000 	/System/Library/PrivateFrameworks/Lexicon.framework/Versions/A/Lexicon
0x00007fff70213000 	/System/Library/PrivateFrameworks/LinguisticData.framework/Versions/A/LinguisticData
0x00007fff7b88e000 	/usr/lib/libcmph.dylib
0x00007fff5df7e000 	/System/Library/Frameworks/ServiceManagement.framework/Versions/A/ServiceManagement
0x00007fff63416000 	/System/Library/PrivateFrameworks/BackgroundTaskManagement.framework/Versions/A/BackgroundTaskManagement
0x00007fff7dc5d000 	/usr/lib/libxslt.1.dylib
0x00007fff51cad000 	/System/Library/Frameworks/Carbon.framework/Versions/A/Frameworks/Ink.framework/Versions/A/Ink
0x00007fff7919b000 	/System/Library/PrivateFrameworks/TextureIO.framework/Versions/A/TextureIO
0x00007fff7b6b1000 	/usr/lib/libate.dylib
0x00007fff6714c000 	/System/Library/PrivateFrameworks/CrashReporterSupport.framework/Versions/A/CrashReporterSupport
0x00007fff768da000 	/System/Library/PrivateFrameworks/Sharing.framework/Versions/A/Sharing
0x00007fff63168000 	/System/Library/PrivateFrameworks/AuthKit.framework/Versions/A/AuthKit
0x00007fff626bc000 	/System/Library/PrivateFrameworks/Apple80211.framework/Versions/A/Apple80211
0x00007fff66ef6000 	/System/Library/PrivateFrameworks/CoreUtils.framework/Versions/A/CoreUtils
0x00007fff54461000 	/System/Library/Frameworks/CoreWLAN.framework/Versions/A/CoreWLAN
0x00007fff54e5d000 	/System/Library/Frameworks/IOBluetooth.framework/Versions/A/IOBluetooth
0x00007fff74d5a000 	/System/Library/PrivateFrameworks/ProtocolBuffer.framework/Versions/A/ProtocolBuffer
0x00007fff71170000 	/System/Library/PrivateFrameworks/MobileKeyBag.framework/Versions/A/MobileKeyBag
0x00007fff6673a000 	/System/Library/PrivateFrameworks/CorePhoneNumbers.framework/Versions/A/CorePhoneNumbers
0x00007fff6291b000 	/System/Library/PrivateFrameworks/AppleIDAuthSupport.framework/Versions/A/AppleIDAuthSupport
0x00007fff700c7000 	/System/Library/PrivateFrameworks/KeychainCircle.framework/Versions/A/KeychainCircle
0x00007fff74f10000 	/System/Library/PrivateFrameworks/ROCKit.framework/Versions/A/ROCKit
0x00007fff670e8000 	/System/Library/PrivateFrameworks/CoreWiFi.framework/Versions/A/CoreWiFi
0x00007fff521f8000 	/System/Library/Frameworks/CoreBluetooth.framework/Versions/A/CoreBluetooth
0x00007fff67343000 	/System/Library/PrivateFrameworks/DebugSymbols.framework/Versions/A/DebugSymbols
0x00007fff66cb6000 	/System/Library/PrivateFrameworks/CoreSymbolication.framework/Versions/A/CoreSymbolication
0x00007fff789b6000 	/System/Library/PrivateFrameworks/Symbolication.framework/Versions/A/Symbolication
0x00007fff78259000 	/System/Library/PrivateFrameworks/SpeechRecognitionCore.framework/Versions/A/SpeechRecognitionCore
0x00007fff46e24000 	/System/Library/CoreServices/Encodings/libJapaneseConverter.dylib
0x0000000106c00000 	/Library/Java/JavaVirtualMachines/jdk-12.jdk/Contents/Home/lib/server/libjvm.dylib
0x0000000106383000 	/Library/Java/JavaVirtualMachines/jdk-12.jdk/Contents/Home/lib/libverify.dylib
0x000000010638f000 	/Library/Java/JavaVirtualMachines/jdk-12.jdk/Contents/Home/lib/libjava.dylib
0x00000001063d4000 	/Library/Java/JavaVirtualMachines/jdk-12.jdk/Contents/Home/lib/libzip.dylib
0x00000001063dc000 	/Library/Java/JavaVirtualMachines/jdk-12.jdk/Contents/Home/lib/libjimage.dylib
0x000000010d922000 	/Library/Java/JavaVirtualMachines/jdk-12.jdk/Contents/Home/lib/libnio.dylib
0x000000010d930000 	/Library/Java/JavaVirtualMachines/jdk-12.jdk/Contents/Home/lib/./libnet.dylib
0x000000010d9f2000 	/Library/Java/JavaVirtualMachines/jdk-12.jdk/Contents/Home/lib/libawt.dylib
0x000000010da87000 	/Library/Java/JavaVirtualMachines/jdk-12.jdk/Contents/Home/lib/./libmlib_image.dylib
0x00007fff567ea000 	/System/Library/Frameworks/JavaVM.framework/Versions/A/Frameworks/JavaNativeFoundation.framework/Versions/A/JavaNativeFoundation
0x00007fff567f3000 	/System/Library/Frameworks/JavaVM.framework/Versions/A/Frameworks/JavaRuntimeSupport.framework/Versions/A/JavaRuntimeSupport
0x00007fff567fc000 	/System/Library/Frameworks/JavaVM.framework/Versions/A/JavaVM
0x00007fff6ffe5000 	/System/Library/PrivateFrameworks/JavaLaunching.framework/Versions/A/JavaLaunching
0x00007fff519a7000 	/System/Library/Frameworks/Carbon.framework/Versions/A/Carbon
0x00007fff519a8000 	/System/Library/Frameworks/Carbon.framework/Versions/A/Frameworks/CommonPanels.framework/Versions/A/CommonPanels
0x00007fff51ca3000 	/System/Library/Frameworks/Carbon.framework/Versions/A/Frameworks/Help.framework/Versions/A/Help
0x00007fff51ca7000 	/System/Library/Frameworks/Carbon.framework/Versions/A/Frameworks/ImageCapture.framework/Versions/A/ImageCapture
0x00007fff51d43000 	/System/Library/Frameworks/Carbon.framework/Versions/A/Frameworks/OpenScripting.framework/Versions/A/OpenScripting
0x00007fff51d7b000 	/System/Library/Frameworks/Carbon.framework/Versions/A/Frameworks/Print.framework/Versions/A/Print
0x00007fff51d7d000 	/System/Library/Frameworks/Carbon.framework/Versions/A/Frameworks/SecurityHI.framework/Versions/A/SecurityHI
0x000000010daec000 	/Library/Java/JavaVirtualMachines/jdk-12.jdk/Contents/Home/lib/libawt_lwawt.dylib
0x000000010db96000 	/Library/Java/JavaVirtualMachines/jdk-12.jdk/Contents/Home/lib/./libosxapp.dylib
0x00007fff548eb000 	/System/Library/Frameworks/ExceptionHandling.framework/Versions/A/ExceptionHandling
0x000000010dbc3000 	/Library/Java/JavaVirtualMachines/jdk-12.jdk/Contents/Home/lib/libfontmanager.dylib
0x000000010dc50000 	/Library/Java/JavaVirtualMachines/jdk-12.jdk/Contents/Home/lib/./libfreetype.dylib
0x00007fff668be000 	/System/Library/PrivateFrameworks/CoreServicesInternal.framework/Versions/A/CoreServicesInternal
0x00007fff46ea5000 	/System/Library/CoreServices/RawCamera.bundle/Contents/MacOS/RawCamera
0x00007fff70fd9000 	/System/Library/PrivateFrameworks/MobileAsset.framework/Versions/A/MobileAsset
0x00007fff78904000 	/System/Library/PrivateFrameworks/StreamingZip.framework/Versions/A/StreamingZip
0x00007fff56b8e000 	/System/Library/Frameworks/MediaToolbox.framework/Versions/A/MediaToolbox
0x00007fff65a12000 	/System/Library/PrivateFrameworks/CoreAVCHD.framework/Versions/A/CoreAVCHD
0x00007fff56ad4000 	/System/Library/Frameworks/MediaAccessibility.framework/Versions/A/MediaAccessibility
0x00007fff70a36000 	/System/Library/PrivateFrameworks/Mangrove.framework/Versions/A/Mangrove
0x00007fff53784000 	/System/Library/Frameworks/CoreMedia.framework/Versions/A/CoreMedia
0x00007fff5e5e6000 	/System/Library/Frameworks/VideoToolbox.framework/Versions/A/VideoToolbox
0x00007fff6562e000 	/System/Library/PrivateFrameworks/CoreAUC.framework/Versions/A/CoreAUC
0x00007fff7d76c000 	/usr/lib/libspindump.dylib
0x00007fff62cea000 	/System/Library/PrivateFrameworks/AppleVA.framework/Versions/A/AppleVA
0x00007fff4eb03000 	/System/Library/Frameworks/Accelerate.framework/Versions/A/Frameworks/vImage.framework/Versions/A/Libraries/libCGInterfaces.dylib
0x00007fff50df6000 	/System/Library/Frameworks/ApplicationServices.framework/Versions/A/Frameworks/ATS.framework/Versions/A/Resources/libTrueTypeScaler.dylib
0x00007fff4bcc5000 	/System/Library/Extensions/AppleIntelKBLGraphicsMTLDriver.bundle/Contents/MacOS/AppleIntelKBLGraphicsMTLDriver
0x00007fff6c0c8000 	/System/Library/PrivateFrameworks/GPUCompiler.framework/Versions/3902/Libraries/libmetal_timestamp.dylib
0x00007fff7a152000 	/System/Library/PrivateFrameworks/ViewBridge.framework/Versions/A/ViewBridge
0x00007fff5c333000 	/System/Library/Frameworks/OpenGL.framework/Versions/A/Resources/GLEngine.bundle/GLEngine
0x00007fff5b7d5000 	/System/Library/Frameworks/OpenGL.framework/Versions/A/Libraries/libGLProgrammability.dylib
0x00007fff4aef0000 	/System/Library/Extensions/AppleIntelKBLGraphicsGLDriver.bundle/Contents/MacOS/AppleIntelKBLGraphicsGLDriver
0x00007fff6d75d000 	/System/Library/PrivateFrameworks/GPUSupport.framework/Versions/A/Libraries/libGPUSupportMercury.dylib
0x00007fff5c4cb000 	/System/Library/Frameworks/OpenGL.framework/Versions/A/Resources/GLRendererFloat.bundle/GLRendererFloat
0x00007fff5ad9f000 	/System/Library/Frameworks/OpenCL.framework/Versions/A/Libraries/libcldcpuengine.dylib
0x00007fff7bce2000 	/usr/lib/libcrypto.35.dylib
0x00007fff79319000 	/System/Library/PrivateFrameworks/TrustEvaluationAgent.framework/Versions/A/TrustEvaluationAgent
0x000000012c030000 	/Library/Java/JavaVirtualMachines/jdk-12.jdk/Contents/Home/lib/libosxui.dylib
0x000000012ca75000 	/usr/lib/libobjc-trampolines.dylib


VM Arguments:
jvm_args: -Dfile.encoding=UTF-8 
java_command: brickBracker.Main
java_class_path (initial): /Library/Java/JavaVirtualMachines/jdk-12.jdk/Contents/Home/lib/jrt-fs.jar:/Users/chico27/github/brick-breaker-game-java/bin
Launcher Type: SUN_STANDARD

[Global flags]
     intx CICompilerCount                          = 3                                         {product} {ergonomic}
     uint ConcGCThreads                            = 1                                         {product} {ergonomic}
     uint G1ConcRefinementThreads                  = 4                                         {product} {ergonomic}
   size_t G1HeapRegionSize                         = 1048576                                   {product} {ergonomic}
    uintx GCDrainStackTargetSize                   = 64                                        {product} {ergonomic}
   size_t InitialHeapSize                          = 134217728                                 {product} {ergonomic}
   size_t MarkStackSize                            = 4194304                                   {product} {ergonomic}
   size_t MaxHeapSize                              = 2147483648                                {product} {ergonomic}
   size_t MaxNewSize                               = 1287651328                                {product} {ergonomic}
   size_t MinHeapDeltaBytes                        = 1048576                                   {product} {ergonomic}
    uintx NonNMethodCodeHeapSize                   = 5830732                                {pd product} {ergonomic}
    uintx NonProfiledCodeHeapSize                  = 122913754                              {pd product} {ergonomic}
    uintx ProfiledCodeHeapSize                     = 122913754                              {pd product} {ergonomic}
    uintx ReservedCodeCacheSize                    = 251658240                              {pd product} {ergonomic}
     bool SegmentedCodeCache                       = true                                      {product} {ergonomic}
     bool UseCompressedClassPointers               = true                                 {lp64_product} {ergonomic}
     bool UseCompressedOops                        = true                                 {lp64_product} {ergonomic}
     bool UseG1GC                                  = true                                      {product} {ergonomic}

Logging:
Log output configuration:
 #0: stdout all=warning uptime,level,tags
 #1: stderr all=off uptime,level,tags

Environment Variables:
PATH=/usr/bin:/bin:/usr/sbin:/sbin
SHELL=/bin/bash

Signal Handlers:
SIGSEGV: [libjvm.dylib+0x736292], sa_mask[0]=11111111011111110111111111111111, sa_flags=SA_ONSTACK|SA_RESTART|SA_SIGINFO
SIGBUS: [libjvm.dylib+0x736292], sa_mask[0]=11111111011111110111111111111111, sa_flags=SA_RESTART|SA_SIGINFO
SIGFPE: [libjvm.dylib+0x736292], sa_mask[0]=11111111011111110111111111111111, sa_flags=SA_RESTART|SA_SIGINFO
SIGPIPE: [libjvm.dylib+0x5ddd06], sa_mask[0]=11111111011111110111111111111111, sa_flags=SA_RESTART|SA_SIGINFO
SIGXFSZ: [libjvm.dylib+0x5ddd06], sa_mask[0]=11111111011111110111111111111111, sa_flags=SA_RESTART|SA_SIGINFO
SIGILL: [libjvm.dylib+0x736292], sa_mask[0]=11111111011111110111111111111111, sa_flags=SA_RESTART|SA_SIGINFO
SIGUSR2: [libjvm.dylib+0x5de2eb], sa_mask[0]=00100000000000000000000000000000, sa_flags=SA_RESTART|SA_SIGINFO
SIGHUP: [libjvm.dylib+0x5dcfab], sa_mask[0]=11111111011111110111111111111111, sa_flags=SA_RESTART|SA_SIGINFO
SIGINT: [libjvm.dylib+0x5dcfab], sa_mask[0]=11111111011111110111111111111111, sa_flags=SA_RESTART|SA_SIGINFO
SIGTERM: [libjvm.dylib+0x5dcfab], sa_mask[0]=11111111011111110111111111111111, sa_flags=SA_RESTART|SA_SIGINFO
SIGQUIT: [libjvm.dylib+0x5dcfab], sa_mask[0]=11111111011111110111111111111111, sa_flags=SA_RESTART|SA_SIGINFO


---------------  S Y S T E M  ---------------

OS:uname:Darwin 18.6.0 Darwin Kernel Version 18.6.0: Thu Apr 25 23:16:27 PDT 2019; root:xnu-4903.261.4~2/RELEASE_X86_64 x86_64
rlimit: STACK 8192k, CORE 0k, NPROC 709, NOFILE 10240, AS infinity, DATA infinity, FSIZE infinity
load average:1.74 2.09 2.89

CPU:total 4 (initial active 4) (2 cores per cpu, 2 threads per core) family 6 model 142 stepping 9, cmov, cx8, fxsr, mmx, sse, sse2, sse3, ssse3, sse4.1, sse4.2, popcnt, avx, avx2, aes, clmul, erms, rtm, 3dnowpref, lzcnt, ht, tsc, tscinvbit, bmi1, bmi2, adx, fma

Memory: 4k page, physical 8388608k(31608k free)

vm_info: Java HotSpot(TM) 64-Bit Server VM (12+33) for bsd-amd64 JRE (12+33), built on Feb 21 2019 02:24:18 by "mach5one" with gcc 4.2.1 Compatible Apple LLVM 9.1.0 (clang-902.0.39.2)

END.
